<?xml version="1.0" encoding="UTF-8"?>
<!-- Generated by org.testng.reporters.JUnitReportReporter -->
<testsuite hostname="DESKTOP-O40KR61" failures="0" tests="4" name="tests.FailedLoginTest" time="15.333" errors="0" timestamp="2023-03-26T22:44:59 CEST" skipped="0">
  <testcase classname="tests.FailedLoginTest" name="failedLogin" time="3.719"/>
  <system-out/>
  <testcase classname="tests.FailedLoginTest" name="failedLogin" time="4.250"/>
  <system-out/>
  <testcase classname="tests.FailedLoginTest" name="failedLogin" time="3.474"/>
  <system-out/>
  <testcase classname="tests.FailedLoginTest" name="failedLogin" time="3.890"/>
  <system-out/>
</testsuite> <!-- tests.FailedLoginTest -->
