<?xml version="1.0" encoding="UTF-8"?>
<!-- Generated by org.testng.reporters.JUnitReportReporter -->
<testsuite hostname="DESKTOP-O40KR61" failures="0" tests="1" name="testsWithLogin.AddMostExpensiveItemInCart" time="13.879" errors="0" timestamp="2023-03-26T22:44:59 CEST" skipped="0">
  <testcase classname="testsWithLogin.AddMostExpensiveItemInCart" name="addMostExpensiveItemToCart" time="13.879"/>
  <system-out/>
</testsuite> <!-- testsWithLogin.AddMostExpensiveItemInCart -->
