<?xml version="1.0" encoding="UTF-8"?>
<!-- Generated by org.testng.reporters.JUnitReportReporter -->
<testsuite hostname="DESKTOP-O40KR61" failures="0" tests="1" name="testsWithLogin.LogoutTest" time="13.484" errors="0" timestamp="2023-03-26T22:44:59 CEST" skipped="0">
  <testcase classname="testsWithLogin.LogoutTest" name="LogoutTest" time="13.484"/>
  <system-out/>
</testsuite> <!-- testsWithLogin.LogoutTest -->
