<?xml version="1.0" encoding="UTF-8"?>
<!-- Generated by org.testng.reporters.JUnitReportReporter -->
<testsuite hostname="DESKTOP-O40KR61" failures="0" tests="1" name="testsWithLogin.AddItemToCart" time="13.360" errors="0" timestamp="2023-03-26T22:44:59 CEST" skipped="0">
  <testcase classname="testsWithLogin.AddItemToCart" name="addItemToCart" time="13.360"/>
  <system-out/>
</testsuite> <!-- testsWithLogin.AddItemToCart -->
